0 info it worked if it ends with ok
1 verbose cli [ 'C:\\Program Files\\nodejs\\\\node.exe',
1 verbose cli   'C:\\Program Files\\nodejs\\node_modules\\npm\\bin\\npm-cli.js',
1 verbose cli   'help',
1 verbose cli   '\'proxy\'' ]
2 info using npm@1.3.11
3 info using node@v0.10.21
4 verbose node symlink C:\Program Files\nodejs\\node.exe
5 error TypeError: Cannot call method 'map' of undefined
5 error     at formatResults (C:\Program Files\nodejs\node_modules\npm\lib\help-search.js:162:21)
5 error     at C:\Program Files\nodejs\node_modules\npm\lib\help-search.js:32:9
5 error     at searchFiles (C:\Program Files\nodejs\node_modules\npm\lib\help-search.js:141:12)
5 error     at C:\Program Files\nodejs\node_modules\npm\lib\help-search.js:29:7
5 error     at C:\Program Files\nodejs\node_modules\npm\lib\help-search.js:46:12
5 error     at cb (C:\Program Files\nodejs\node_modules\npm\node_modules\slide\lib\async-map.js:48:11)
5 error     at C:\Program Files\nodejs\node_modules\npm\lib\help-search.js:43:14
5 error     at fs.js:266:14
5 error     at C:\Program Files\nodejs\node_modules\npm\node_modules\graceful-fs\graceful-fs.js:103:5
5 error     at Object.oncomplete (fs.js:107:15)
6 error If you need help, you may report this log at:
6 error     <http://github.com/isaacs/npm/issues>
6 error or email it to:
6 error     <npm-@googlegroups.com>
7 error System Windows_NT 6.1.7600
8 error command "C:\\Program Files\\nodejs\\\\node.exe" "C:\\Program Files\\nodejs\\node_modules\\npm\\bin\\npm-cli.js" "help" "'proxy'"
9 error cwd C:\Users\Kpable\Dropbox\FALL 2013\CS 490\Module 17
10 error node -v v0.10.21
11 error npm -v 1.3.11
12 error type non_object_property_call
13 verbose exit [ 1, true ]
